<?xml version="1.0" encoding="UTF-8"?>
<!-- Generated by org.testng.reporters.JUnitReportReporter -->
<testsuite hostname="DESKTOP-F05BIFM" failures="0" tests="1" name="Edit.EducacionITSabado.AppTest" time="0.003" errors="0" timestamp="2021-09-25T16:16:13 ART" skipped="0">
  <testcase classname="Edit.EducacionITSabado.AppTest" name="shouldAnswerWithTrue" time="0.003"/>
  <system-out/>
</testsuite> <!-- Edit.EducacionITSabado.AppTest -->
